app/build/intermediates/manifest_merge_blame_file/release/processReleaseMainManifest/manifest-merger-blame-release-report.txt
1<?xml version="1.0" encoding="utf-8"?>
2<manifest xmlns:android="http://schemas.android.com/apk/res/android"
3    package="eu.cyben.guard"
4    android:versionCode="4"
5    android:versionName="1.3.0" >
6
7    <uses-sdk
8        android:minSdkVersion="26"
9        android:targetSdkVersion="35" />
10
11    <uses-permission android:name="android.permission.CAMERA" />
11-->src/main/AndroidManifest.xml:4:5-65
11-->src/main/AndroidManifest.xml:4:22-62
12    <uses-permission android:name="android.permission.RECORD_AUDIO" />
12-->src/main/AndroidManifest.xml:5:5-71
12-->src/main/AndroidManifest.xml:5:22-68
13    <uses-permission android:name="android.permission.READ_MEDIA_IMAGES" />
13-->src/main/AndroidManifest.xml:6:5-76
13-->src/main/AndroidManifest.xml:6:22-73
14    <uses-permission
14-->src/main/AndroidManifest.xml:7:5-107
15        android:name="android.permission.READ_EXTERNAL_STORAGE"
15-->src/main/AndroidManifest.xml:7:22-77
16        android:maxSdkVersion="32" />
16-->src/main/AndroidManifest.xml:7:78-104
17    <uses-permission android:name="android.permission.RECEIVE_SMS" />
17-->src/main/AndroidManifest.xml:8:5-70
17-->src/main/AndroidManifest.xml:8:22-67
18    <uses-permission android:name="android.permission.READ_SMS" />
18-->src/main/AndroidManifest.xml:9:5-67
18-->src/main/AndroidManifest.xml:9:22-64
19    <uses-permission android:name="android.permission.READ_PHONE_STATE" />
19-->src/main/AndroidManifest.xml:10:5-75
19-->src/main/AndroidManifest.xml:10:22-72
20    <uses-permission android:name="android.permission.READ_CALL_LOG" />
20-->src/main/AndroidManifest.xml:11:5-72
20-->src/main/AndroidManifest.xml:11:22-69
21    <uses-permission android:name="android.permission.INTERNET" />
21-->src/main/AndroidManifest.xml:12:5-67
21-->src/main/AndroidManifest.xml:12:22-64
22    <uses-permission android:name="android.permission.CONTROL_VPN" />
22-->src/main/AndroidManifest.xml:13:5-69
22-->src/main/AndroidManifest.xml:13:22-67
23    <uses-permission android:name="android.permission.ACCESS_NETWORK_STATE" />
23-->src/main/AndroidManifest.xml:14:5-79
23-->src/main/AndroidManifest.xml:14:22-76
24    <uses-permission android:name="android.permission.POST_NOTIFICATIONS" />
24-->src/main/AndroidManifest.xml:15:5-77
24-->src/main/AndroidManifest.xml:15:22-74
25    <uses-permission android:name="android.permission.WAKE_LOCK" /> <!-- Required by older versions of Google Play services to create IID tokens -->
25-->[com.google.firebase:firebase-messaging:24.0.0] AndroidManifest.xml:24:5-68
25-->[com.google.firebase:firebase-messaging:24.0.0] AndroidManifest.xml:24:22-65
26    <uses-permission android:name="com.google.android.c2dm.permission.RECEIVE" />
26-->[com.google.firebase:firebase-messaging:24.0.0] AndroidManifest.xml:26:5-82
26-->[com.google.firebase:firebase-messaging:24.0.0] AndroidManifest.xml:26:22-79
27    <uses-permission android:name="com.google.android.finsky.permission.BIND_GET_INSTALL_REFERRER_SERVICE" />
27-->[com.google.android.gms:play-services-measurement:22.0.0] AndroidManifest.xml:26:5-110
27-->[com.google.android.gms:play-services-measurement:22.0.0] AndroidManifest.xml:26:22-107
28    <uses-permission android:name="com.google.android.gms.permission.AD_ID" />
28-->[com.google.android.gms:play-services-measurement-api:22.0.0] AndroidManifest.xml:25:5-79
28-->[com.google.android.gms:play-services-measurement-api:22.0.0] AndroidManifest.xml:25:22-76
29    <uses-permission android:name="android.permission.ACCESS_ADSERVICES_ATTRIBUTION" />
29-->[com.google.android.gms:play-services-measurement-api:22.0.0] AndroidManifest.xml:26:5-88
29-->[com.google.android.gms:play-services-measurement-api:22.0.0] AndroidManifest.xml:26:22-85
30    <uses-permission android:name="android.permission.ACCESS_ADSERVICES_AD_ID" />
30-->[com.google.android.gms:play-services-measurement-api:22.0.0] AndroidManifest.xml:27:5-82
30-->[com.google.android.gms:play-services-measurement-api:22.0.0] AndroidManifest.xml:27:22-79
31
32    <permission
32-->[androidx.core:core:1.12.0] AndroidManifest.xml:22:5-24:47
33        android:name="eu.cyben.guard.DYNAMIC_RECEIVER_NOT_EXPORTED_PERMISSION"
33-->[androidx.core:core:1.12.0] AndroidManifest.xml:23:9-81
34        android:protectionLevel="signature" />
34-->[androidx.core:core:1.12.0] AndroidManifest.xml:24:9-44
35
36    <uses-permission android:name="eu.cyben.guard.DYNAMIC_RECEIVER_NOT_EXPORTED_PERMISSION" />
36-->[androidx.core:core:1.12.0] AndroidManifest.xml:26:5-97
36-->[androidx.core:core:1.12.0] AndroidManifest.xml:26:22-94
37
38    <application
38-->src/main/AndroidManifest.xml:17:5-57:19
39        android:name="eu.cyben.guard.CybenGuardApp"
39-->src/main/AndroidManifest.xml:18:9-38
40        android:allowBackup="false"
40-->src/main/AndroidManifest.xml:19:9-36
41        android:appComponentFactory="androidx.core.app.CoreComponentFactory"
41-->[androidx.core:core:1.12.0] AndroidManifest.xml:28:18-86
42        android:extractNativeLibs="false"
43        android:icon="@mipmap/ic_launcher"
43-->src/main/AndroidManifest.xml:20:9-43
44        android:label="@string/app_name"
44-->src/main/AndroidManifest.xml:21:9-41
45        android:roundIcon="@mipmap/ic_launcher_round"
45-->src/main/AndroidManifest.xml:22:9-54
46        android:supportsRtl="true"
46-->src/main/AndroidManifest.xml:23:9-35
47        android:theme="@style/Theme.CybenGuard"
47-->src/main/AndroidManifest.xml:24:9-48
48        android:usesCleartextTraffic="false" >
48-->src/main/AndroidManifest.xml:25:9-45
49        <activity
49-->src/main/AndroidManifest.xml:27:9-32:20
50            android:name="eu.cyben.guard.ui.auth.LoginActivity"
50-->src/main/AndroidManifest.xml:27:19-56
51            android:exported="true" >
51-->src/main/AndroidManifest.xml:27:57-80
52            <intent-filter>
52-->src/main/AndroidManifest.xml:28:13-31:29
53                <action android:name="android.intent.action.MAIN" />
53-->src/main/AndroidManifest.xml:29:17-69
53-->src/main/AndroidManifest.xml:29:25-66
54
55                <category android:name="android.intent.category.LAUNCHER" />
55-->src/main/AndroidManifest.xml:30:17-77
55-->src/main/AndroidManifest.xml:30:27-74
56            </intent-filter>
57        </activity>
58        <activity
58-->src/main/AndroidManifest.xml:33:9-87
59            android:name="eu.cyben.guard.ui.auth.RegisterActivity"
59-->src/main/AndroidManifest.xml:33:19-59
60            android:exported="false" />
60-->src/main/AndroidManifest.xml:33:60-84
61        <activity
61-->src/main/AndroidManifest.xml:34:9-93
62            android:name="eu.cyben.guard.ui.dashboard.DashboardActivity"
62-->src/main/AndroidManifest.xml:34:19-65
63            android:exported="false" />
63-->src/main/AndroidManifest.xml:34:66-90
64        <activity
64-->src/main/AndroidManifest.xml:35:9-94
65            android:name="eu.cyben.guard.ui.breach.BreachMonitorActivity"
65-->src/main/AndroidManifest.xml:35:19-66
66            android:exported="false" />
66-->src/main/AndroidManifest.xml:35:67-91
67        <activity
67-->src/main/AndroidManifest.xml:36:9-81
68            android:name="eu.cyben.guard.ui.vpn.VPNActivity"
68-->src/main/AndroidManifest.xml:36:19-53
69            android:exported="false" />
69-->src/main/AndroidManifest.xml:36:54-78
70        <activity
70-->src/main/AndroidManifest.xml:37:9-99
71            android:name="eu.cyben.guard.ui.subscription.SubscriptionActivity"
71-->src/main/AndroidManifest.xml:37:19-71
72            android:exported="false" />
72-->src/main/AndroidManifest.xml:37:72-96
73        <activity
73-->src/main/AndroidManifest.xml:38:9-91
74            android:name="eu.cyben.guard.ui.settings.SettingsActivity"
74-->src/main/AndroidManifest.xml:38:19-63
75            android:exported="false" />
75-->src/main/AndroidManifest.xml:38:64-88
76        <activity
76-->src/main/AndroidManifest.xml:39:9-96
77            android:name="eu.cyben.guard.ui.auth.EmailVerificationActivity"
77-->src/main/AndroidManifest.xml:39:19-68
78            android:exported="false" />
78-->src/main/AndroidManifest.xml:39:69-93
79        <activity
79-->src/main/AndroidManifest.xml:40:9-98
80            android:name="eu.cyben.guard.ui.settings.AnalysisHistoryActivity"
80-->src/main/AndroidManifest.xml:40:19-70
81            android:exported="false" />
81-->src/main/AndroidManifest.xml:40:71-95
82
83        <receiver
83-->src/main/AndroidManifest.xml:43:9-47:20
84            android:name="eu.cyben.guard.receiver.SmsReceiver"
84-->src/main/AndroidManifest.xml:43:19-55
85            android:exported="true" >
85-->src/main/AndroidManifest.xml:43:56-79
86            <intent-filter android:priority="999" >
86-->src/main/AndroidManifest.xml:44:13-46:29
86-->src/main/AndroidManifest.xml:44:28-50
87                <action android:name="android.provider.Telephony.SMS_RECEIVED" />
87-->src/main/AndroidManifest.xml:45:17-82
87-->src/main/AndroidManifest.xml:45:25-79
88            </intent-filter>
89        </receiver>
90
91        <service
91-->src/main/AndroidManifest.xml:49:9-56:19
92            android:name="eu.cyben.guard.service.GuardCallScreeningService"
92-->src/main/AndroidManifest.xml:50:13-62
93            android:exported="true"
93-->src/main/AndroidManifest.xml:52:13-36
94            android:permission="android.permission.BIND_SCREENING_SERVICE" >
94-->src/main/AndroidManifest.xml:51:13-75
95            <intent-filter>
95-->src/main/AndroidManifest.xml:53:13-55:29
96                <action android:name="android.telecom.CallScreeningService" />
96-->src/main/AndroidManifest.xml:54:17-79
96-->src/main/AndroidManifest.xml:54:25-76
97            </intent-filter>
98        </service>
99        <service
99-->[androidx.camera:camera-camera2:1.3.2] AndroidManifest.xml:24:9-33:19
100            android:name="androidx.camera.core.impl.MetadataHolderService"
100-->[androidx.camera:camera-camera2:1.3.2] AndroidManifest.xml:25:13-75
101            android:enabled="false"
101-->[androidx.camera:camera-camera2:1.3.2] AndroidManifest.xml:26:13-36
102            android:exported="false" >
102-->[androidx.camera:camera-camera2:1.3.2] AndroidManifest.xml:27:13-37
103            <meta-data
103-->[androidx.camera:camera-camera2:1.3.2] AndroidManifest.xml:30:13-32:89
104                android:name="androidx.camera.core.impl.MetadataHolderService.DEFAULT_CONFIG_PROVIDER"
104-->[androidx.camera:camera-camera2:1.3.2] AndroidManifest.xml:31:17-103
105                android:value="androidx.camera.camera2.Camera2Config$DefaultProvider" />
105-->[androidx.camera:camera-camera2:1.3.2] AndroidManifest.xml:32:17-86
106        </service>
107
108        <receiver
108-->[com.google.firebase:firebase-messaging:24.0.0] AndroidManifest.xml:29:9-40:20
109            android:name="com.google.firebase.iid.FirebaseInstanceIdReceiver"
109-->[com.google.firebase:firebase-messaging:24.0.0] AndroidManifest.xml:30:13-78
110            android:exported="true"
110-->[com.google.firebase:firebase-messaging:24.0.0] AndroidManifest.xml:31:13-36
111            android:permission="com.google.android.c2dm.permission.SEND" >
111-->[com.google.firebase:firebase-messaging:24.0.0] AndroidManifest.xml:32:13-73
112            <intent-filter>
112-->[com.google.firebase:firebase-messaging:24.0.0] AndroidManifest.xml:33:13-35:29
113                <action android:name="com.google.android.c2dm.intent.RECEIVE" />
113-->[com.google.firebase:firebase-messaging:24.0.0] AndroidManifest.xml:34:17-81
113-->[com.google.firebase:firebase-messaging:24.0.0] AndroidManifest.xml:34:25-78
114            </intent-filter>
115
116            <meta-data
116-->[com.google.firebase:firebase-messaging:24.0.0] AndroidManifest.xml:37:13-39:40
117                android:name="com.google.android.gms.cloudmessaging.FINISHED_AFTER_HANDLED"
117-->[com.google.firebase:firebase-messaging:24.0.0] AndroidManifest.xml:38:17-92
118                android:value="true" />
118-->[com.google.firebase:firebase-messaging:24.0.0] AndroidManifest.xml:39:17-37
119        </receiver>
120        <!--
121             FirebaseMessagingService performs security checks at runtime,
122             but set to not exported to explicitly avoid allowing another app to call it.
123        -->
124        <service
124-->[com.google.firebase:firebase-messaging:24.0.0] AndroidManifest.xml:46:9-53:19
125            android:name="com.google.firebase.messaging.FirebaseMessagingService"
125-->[com.google.firebase:firebase-messaging:24.0.0] AndroidManifest.xml:47:13-82
126            android:directBootAware="true"
126-->[com.google.firebase:firebase-messaging:24.0.0] AndroidManifest.xml:48:13-43
127            android:exported="false" >
127-->[com.google.firebase:firebase-messaging:24.0.0] AndroidManifest.xml:49:13-37
128            <intent-filter android:priority="-500" >
128-->[com.google.firebase:firebase-messaging:24.0.0] AndroidManifest.xml:50:13-52:29
128-->[com.google.firebase:firebase-messaging:24.0.0] AndroidManifest.xml:50:28-51
129                <action android:name="com.google.firebase.MESSAGING_EVENT" />
129-->[com.google.firebase:firebase-messaging:24.0.0] AndroidManifest.xml:51:17-78
129-->[com.google.firebase:firebase-messaging:24.0.0] AndroidManifest.xml:51:25-75
130            </intent-filter>
131        </service>
132        <service
132-->[com.google.firebase:firebase-messaging:24.0.0] AndroidManifest.xml:54:9-63:19
133            android:name="com.google.firebase.components.ComponentDiscoveryService"
133-->[com.google.firebase:firebase-messaging:24.0.0] AndroidManifest.xml:55:13-84
134            android:directBootAware="true"
134-->[com.google.firebase:firebase-common:21.0.0] AndroidManifest.xml:32:13-43
135            android:exported="false" >
135-->[com.google.firebase:firebase-messaging:24.0.0] AndroidManifest.xml:56:13-37
136            <meta-data
136-->[com.google.firebase:firebase-messaging:24.0.0] AndroidManifest.xml:57:13-59:85
137                android:name="com.google.firebase.components:com.google.firebase.messaging.FirebaseMessagingKtxRegistrar"
137-->[com.google.firebase:firebase-messaging:24.0.0] AndroidManifest.xml:58:17-122
138                android:value="com.google.firebase.components.ComponentRegistrar" />
138-->[com.google.firebase:firebase-messaging:24.0.0] AndroidManifest.xml:59:17-82
139            <meta-data
139-->[com.google.firebase:firebase-messaging:24.0.0] AndroidManifest.xml:60:13-62:85
140                android:name="com.google.firebase.components:com.google.firebase.messaging.FirebaseMessagingRegistrar"
140-->[com.google.firebase:firebase-messaging:24.0.0] AndroidManifest.xml:61:17-119
141                android:value="com.google.firebase.components.ComponentRegistrar" />
141-->[com.google.firebase:firebase-messaging:24.0.0] AndroidManifest.xml:62:17-82
142            <meta-data
142-->[com.google.android.gms:play-services-measurement-api:22.0.0] AndroidManifest.xml:37:13-39:85
143                android:name="com.google.firebase.components:com.google.firebase.analytics.connector.internal.AnalyticsConnectorRegistrar"
143-->[com.google.android.gms:play-services-measurement-api:22.0.0] AndroidManifest.xml:38:17-139
144                android:value="com.google.firebase.components.ComponentRegistrar" />
144-->[com.google.android.gms:play-services-measurement-api:22.0.0] AndroidManifest.xml:39:17-82
145            <meta-data
145-->[com.google.firebase:firebase-installations:18.0.0] AndroidManifest.xml:15:13-17:85
146                android:name="com.google.firebase.components:com.google.firebase.installations.FirebaseInstallationsKtxRegistrar"
146-->[com.google.firebase:firebase-installations:18.0.0] AndroidManifest.xml:16:17-130
147                android:value="com.google.firebase.components.ComponentRegistrar" />
147-->[com.google.firebase:firebase-installations:18.0.0] AndroidManifest.xml:17:17-82
148            <meta-data
148-->[com.google.firebase:firebase-installations:18.0.0] AndroidManifest.xml:18:13-20:85
149                android:name="com.google.firebase.components:com.google.firebase.installations.FirebaseInstallationsRegistrar"
149-->[com.google.firebase:firebase-installations:18.0.0] AndroidManifest.xml:19:17-127
150                android:value="com.google.firebase.components.ComponentRegistrar" />
150-->[com.google.firebase:firebase-installations:18.0.0] AndroidManifest.xml:20:17-82
151            <meta-data
151-->[com.google.firebase:firebase-common-ktx:21.0.0] AndroidManifest.xml:12:13-14:85
152                android:name="com.google.firebase.components:com.google.firebase.ktx.FirebaseCommonLegacyRegistrar"
152-->[com.google.firebase:firebase-common-ktx:21.0.0] AndroidManifest.xml:13:17-116
153                android:value="com.google.firebase.components.ComponentRegistrar" />
153-->[com.google.firebase:firebase-common-ktx:21.0.0] AndroidManifest.xml:14:17-82
154            <meta-data
154-->[com.google.firebase:firebase-common:21.0.0] AndroidManifest.xml:35:13-37:85
155                android:name="com.google.firebase.components:com.google.firebase.FirebaseCommonKtxRegistrar"
155-->[com.google.firebase:firebase-common:21.0.0] AndroidManifest.xml:36:17-109
156                android:value="com.google.firebase.components.ComponentRegistrar" />
156-->[com.google.firebase:firebase-common:21.0.0] AndroidManifest.xml:37:17-82
157            <meta-data
157-->[com.google.firebase:firebase-datatransport:18.2.0] AndroidManifest.xml:25:13-27:85
158                android:name="com.google.firebase.components:com.google.firebase.datatransport.TransportRegistrar"
158-->[com.google.firebase:firebase-datatransport:18.2.0] AndroidManifest.xml:26:17-115
159                android:value="com.google.firebase.components.ComponentRegistrar" />
159-->[com.google.firebase:firebase-datatransport:18.2.0] AndroidManifest.xml:27:17-82
160        </service>
161        <service
161-->[com.google.android.gms:play-services-mlkit-barcode-scanning:18.3.0] AndroidManifest.xml:9:9-15:19
162            android:name="com.google.mlkit.common.internal.MlKitComponentDiscoveryService"
162-->[com.google.android.gms:play-services-mlkit-barcode-scanning:18.3.0] AndroidManifest.xml:10:13-91
163            android:directBootAware="true"
163-->[com.google.mlkit:common:18.9.0] AndroidManifest.xml:17:13-43
164            android:exported="false" >
164-->[com.google.android.gms:play-services-mlkit-barcode-scanning:18.3.0] AndroidManifest.xml:11:13-37
165            <meta-data
165-->[com.google.android.gms:play-services-mlkit-barcode-scanning:18.3.0] AndroidManifest.xml:12:13-14:85
166                android:name="com.google.firebase.components:com.google.mlkit.vision.barcode.internal.BarcodeRegistrar"
166-->[com.google.android.gms:play-services-mlkit-barcode-scanning:18.3.0] AndroidManifest.xml:13:17-120
167                android:value="com.google.firebase.components.ComponentRegistrar" />
167-->[com.google.android.gms:play-services-mlkit-barcode-scanning:18.3.0] AndroidManifest.xml:14:17-82
168            <meta-data
168-->[com.google.mlkit:vision-common:17.3.0] AndroidManifest.xml:12:13-14:85
169                android:name="com.google.firebase.components:com.google.mlkit.vision.common.internal.VisionCommonRegistrar"
169-->[com.google.mlkit:vision-common:17.3.0] AndroidManifest.xml:13:17-124
170                android:value="com.google.firebase.components.ComponentRegistrar" />
170-->[com.google.mlkit:vision-common:17.3.0] AndroidManifest.xml:14:17-82
171            <meta-data
171-->[com.google.mlkit:common:18.9.0] AndroidManifest.xml:20:13-22:85
172                android:name="com.google.firebase.components:com.google.mlkit.common.internal.CommonComponentRegistrar"
172-->[com.google.mlkit:common:18.9.0] AndroidManifest.xml:21:17-120
173                android:value="com.google.firebase.components.ComponentRegistrar" />
173-->[com.google.mlkit:common:18.9.0] AndroidManifest.xml:22:17-82
174        </service>
175
176        <provider
176-->[com.google.mlkit:common:18.9.0] AndroidManifest.xml:9:9-13:38
177            android:name="com.google.mlkit.common.internal.MlKitInitProvider"
177-->[com.google.mlkit:common:18.9.0] AndroidManifest.xml:10:13-78
178            android:authorities="eu.cyben.guard.mlkitinitprovider"
178-->[com.google.mlkit:common:18.9.0] AndroidManifest.xml:11:13-69
179            android:exported="false"
179-->[com.google.mlkit:common:18.9.0] AndroidManifest.xml:12:13-37
180            android:initOrder="99" />
180-->[com.google.mlkit:common:18.9.0] AndroidManifest.xml:13:13-35
181
182        <activity
182-->[com.google.android.gms:play-services-base:18.1.0] AndroidManifest.xml:20:9-22:45
183            android:name="com.google.android.gms.common.api.GoogleApiActivity"
183-->[com.google.android.gms:play-services-base:18.1.0] AndroidManifest.xml:20:19-85
184            android:exported="false"
184-->[com.google.android.gms:play-services-base:18.1.0] AndroidManifest.xml:22:19-43
185            android:theme="@android:style/Theme.Translucent.NoTitleBar" />
185-->[com.google.android.gms:play-services-base:18.1.0] AndroidManifest.xml:21:19-78
186
187        <receiver
187-->[com.google.android.gms:play-services-measurement:22.0.0] AndroidManifest.xml:29:9-33:20
188            android:name="com.google.android.gms.measurement.AppMeasurementReceiver"
188-->[com.google.android.gms:play-services-measurement:22.0.0] AndroidManifest.xml:30:13-85
189            android:enabled="true"
189-->[com.google.android.gms:play-services-measurement:22.0.0] AndroidManifest.xml:31:13-35
190            android:exported="false" >
190-->[com.google.android.gms:play-services-measurement:22.0.0] AndroidManifest.xml:32:13-37
191        </receiver>
192
193        <service
193-->[com.google.android.gms:play-services-measurement:22.0.0] AndroidManifest.xml:35:9-38:40
194            android:name="com.google.android.gms.measurement.AppMeasurementService"
194-->[com.google.android.gms:play-services-measurement:22.0.0] AndroidManifest.xml:36:13-84
195            android:enabled="true"
195-->[com.google.android.gms:play-services-measurement:22.0.0] AndroidManifest.xml:37:13-35
196            android:exported="false" />
196-->[com.google.android.gms:play-services-measurement:22.0.0] AndroidManifest.xml:38:13-37
197        <service
197-->[com.google.android.gms:play-services-measurement:22.0.0] AndroidManifest.xml:39:9-43:72
198            android:name="com.google.android.gms.measurement.AppMeasurementJobService"
198-->[com.google.android.gms:play-services-measurement:22.0.0] AndroidManifest.xml:40:13-87
199            android:enabled="true"
199-->[com.google.android.gms:play-services-measurement:22.0.0] AndroidManifest.xml:41:13-35
200            android:exported="false"
200-->[com.google.android.gms:play-services-measurement:22.0.0] AndroidManifest.xml:42:13-37
201            android:permission="android.permission.BIND_JOB_SERVICE" />
201-->[com.google.android.gms:play-services-measurement:22.0.0] AndroidManifest.xml:43:13-69
202
203        <property
203-->[com.google.android.gms:play-services-measurement-api:22.0.0] AndroidManifest.xml:30:9-32:61
204            android:name="android.adservices.AD_SERVICES_CONFIG"
204-->[com.google.android.gms:play-services-measurement-api:22.0.0] AndroidManifest.xml:31:13-65
205            android:resource="@xml/ga_ad_services_config" />
205-->[com.google.android.gms:play-services-measurement-api:22.0.0] AndroidManifest.xml:32:13-58
206
207        <provider
207-->[com.google.firebase:firebase-common:21.0.0] AndroidManifest.xml:23:9-28:39
208            android:name="com.google.firebase.provider.FirebaseInitProvider"
208-->[com.google.firebase:firebase-common:21.0.0] AndroidManifest.xml:24:13-77
209            android:authorities="eu.cyben.guard.firebaseinitprovider"
209-->[com.google.firebase:firebase-common:21.0.0] AndroidManifest.xml:25:13-72
210            android:directBootAware="true"
210-->[com.google.firebase:firebase-common:21.0.0] AndroidManifest.xml:26:13-43
211            android:exported="false"
211-->[com.google.firebase:firebase-common:21.0.0] AndroidManifest.xml:27:13-37
212            android:initOrder="100" />
212-->[com.google.firebase:firebase-common:21.0.0] AndroidManifest.xml:28:13-36
213        <provider
213-->[androidx.emoji2:emoji2:1.2.0] AndroidManifest.xml:24:9-32:20
214            android:name="androidx.startup.InitializationProvider"
214-->[androidx.emoji2:emoji2:1.2.0] AndroidManifest.xml:25:13-67
215            android:authorities="eu.cyben.guard.androidx-startup"
215-->[androidx.emoji2:emoji2:1.2.0] AndroidManifest.xml:26:13-68
216            android:exported="false" >
216-->[androidx.emoji2:emoji2:1.2.0] AndroidManifest.xml:27:13-37
217            <meta-data
217-->[androidx.emoji2:emoji2:1.2.0] AndroidManifest.xml:29:13-31:52
218                android:name="androidx.emoji2.text.EmojiCompatInitializer"
218-->[androidx.emoji2:emoji2:1.2.0] AndroidManifest.xml:30:17-75
219                android:value="androidx.startup" />
219-->[androidx.emoji2:emoji2:1.2.0] AndroidManifest.xml:31:17-49
220            <meta-data
220-->[androidx.lifecycle:lifecycle-process:2.7.0] AndroidManifest.xml:29:13-31:52
221                android:name="androidx.lifecycle.ProcessLifecycleInitializer"
221-->[androidx.lifecycle:lifecycle-process:2.7.0] AndroidManifest.xml:30:17-78
222                android:value="androidx.startup" />
222-->[androidx.lifecycle:lifecycle-process:2.7.0] AndroidManifest.xml:31:17-49
223            <meta-data
223-->[androidx.profileinstaller:profileinstaller:1.3.0] AndroidManifest.xml:29:13-31:52
224                android:name="androidx.profileinstaller.ProfileInstallerInitializer"
224-->[androidx.profileinstaller:profileinstaller:1.3.0] AndroidManifest.xml:30:17-85
225                android:value="androidx.startup" />
225-->[androidx.profileinstaller:profileinstaller:1.3.0] AndroidManifest.xml:31:17-49
226        </provider>
227
228        <uses-library
228-->[androidx.privacysandbox.ads:ads-adservices:1.0.0-beta05] AndroidManifest.xml:23:9-25:40
229            android:name="android.ext.adservices"
229-->[androidx.privacysandbox.ads:ads-adservices:1.0.0-beta05] AndroidManifest.xml:24:13-50
230            android:required="false" />
230-->[androidx.privacysandbox.ads:ads-adservices:1.0.0-beta05] AndroidManifest.xml:25:13-37
231
232        <meta-data
232-->[com.google.android.gms:play-services-basement:18.3.0] AndroidManifest.xml:21:9-23:69
233            android:name="com.google.android.gms.version"
233-->[com.google.android.gms:play-services-basement:18.3.0] AndroidManifest.xml:22:13-58
234            android:value="@integer/google_play_services_version" />
234-->[com.google.android.gms:play-services-basement:18.3.0] AndroidManifest.xml:23:13-66
235
236        <service
236-->[com.google.android.datatransport:transport-backend-cct:3.1.9] AndroidManifest.xml:28:9-34:19
237            android:name="com.google.android.datatransport.runtime.backends.TransportBackendDiscovery"
237-->[com.google.android.datatransport:transport-backend-cct:3.1.9] AndroidManifest.xml:29:13-103
238            android:exported="false" >
238-->[com.google.android.datatransport:transport-backend-cct:3.1.9] AndroidManifest.xml:30:13-37
239            <meta-data
239-->[com.google.android.datatransport:transport-backend-cct:3.1.9] AndroidManifest.xml:31:13-33:39
240                android:name="backend:com.google.android.datatransport.cct.CctBackendFactory"
240-->[com.google.android.datatransport:transport-backend-cct:3.1.9] AndroidManifest.xml:32:17-94
241                android:value="cct" />
241-->[com.google.android.datatransport:transport-backend-cct:3.1.9] AndroidManifest.xml:33:17-36
242        </service>
243        <service
243-->[com.google.android.datatransport:transport-runtime:3.1.9] AndroidManifest.xml:26:9-30:19
244            android:name="com.google.android.datatransport.runtime.scheduling.jobscheduling.JobInfoSchedulerService"
244-->[com.google.android.datatransport:transport-runtime:3.1.9] AndroidManifest.xml:27:13-117
245            android:exported="false"
245-->[com.google.android.datatransport:transport-runtime:3.1.9] AndroidManifest.xml:28:13-37
246            android:permission="android.permission.BIND_JOB_SERVICE" >
246-->[com.google.android.datatransport:transport-runtime:3.1.9] AndroidManifest.xml:29:13-69
247        </service>
248
249        <receiver
249-->[com.google.android.datatransport:transport-runtime:3.1.9] AndroidManifest.xml:32:9-34:40
250            android:name="com.google.android.datatransport.runtime.scheduling.jobscheduling.AlarmManagerSchedulerBroadcastReceiver"
250-->[com.google.android.datatransport:transport-runtime:3.1.9] AndroidManifest.xml:33:13-132
251            android:exported="false" />
251-->[com.google.android.datatransport:transport-runtime:3.1.9] AndroidManifest.xml:34:13-37
252        <receiver
252-->[androidx.profileinstaller:profileinstaller:1.3.0] AndroidManifest.xml:34:9-52:20
253            android:name="androidx.profileinstaller.ProfileInstallReceiver"
253-->[androidx.profileinstaller:profileinstaller:1.3.0] AndroidManifest.xml:35:13-76
254            android:directBootAware="false"
254-->[androidx.profileinstaller:profileinstaller:1.3.0] AndroidManifest.xml:36:13-44
255            android:enabled="true"
255-->[androidx.profileinstaller:profileinstaller:1.3.0] AndroidManifest.xml:37:13-35
256            android:exported="true"
256-->[androidx.profileinstaller:profileinstaller:1.3.0] AndroidManifest.xml:38:13-36
257            android:permission="android.permission.DUMP" >
257-->[androidx.profileinstaller:profileinstaller:1.3.0] AndroidManifest.xml:39:13-57
258            <intent-filter>
258-->[androidx.profileinstaller:profileinstaller:1.3.0] AndroidManifest.xml:40:13-42:29
259                <action android:name="androidx.profileinstaller.action.INSTALL_PROFILE" />
259-->[androidx.profileinstaller:profileinstaller:1.3.0] AndroidManifest.xml:41:17-91
259-->[androidx.profileinstaller:profileinstaller:1.3.0] AndroidManifest.xml:41:25-88